<?xml version="1.0" encoding="UTF-8" ?>
<testsuite errors="0" failures="0" hostname="jiaoyideMacBook-Air.local" name="com.mycompany.Java_Selenium.Sample" skipped="0" tests="3" time="57.571" timestamp="2019-04-01T00:06:02">
  <properties>
    <property name="java.vendor" value="Oracle Corporation" />
    <property name="sun.java.launcher" value="SUN_STANDARD" />
    <property name="env.XPC_SERVICE_NAME" value="org.eclipse.platform.ide.7036" />
    <property name="sun.management.compiler" value="HotSpot 64-Bit Tiered Compilers" />
    <property name="ant.file.type.Java_Selenium" value="file" />
    <property name="env.APP_ICON_14432" value="../Resources/Eclipse.icns" />
    <property name="os.name" value="Mac OS X" />
    <property name="sun.boot.class.path" value="/Library/Java/JavaVirtualMachines/jdk1.8.0_141.jdk/Contents/Home/jre/lib/resources.jar:/Library/Java/JavaVirtualMachines/jdk1.8.0_141.jdk/Contents/Home/jre/lib/rt.jar:/Library/Java/JavaVirtualMachines/jdk1.8.0_141.jdk/Contents/Home/jre/lib/sunrsasign.jar:/Library/Java/JavaVirtualMachines/jdk1.8.0_141.jdk/Contents/Home/jre/lib/jsse.jar:/Library/Java/JavaVirtualMachines/jdk1.8.0_141.jdk/Contents/Home/jre/lib/jce.jar:/Library/Java/JavaVirtualMachines/jdk1.8.0_141.jdk/Contents/Home/jre/lib/charsets.jar:/Library/Java/JavaVirtualMachines/jdk1.8.0_141.jdk/Contents/Home/jre/lib/jfr.jar:/Library/Java/JavaVirtualMachines/jdk1.8.0_141.jdk/Contents/Home/jre/classes" />
    <property name="env.TMPDIR" value="/var/folders/xf/s029rrqd38x6j1n48skk75_c0000gn/T/" />
    <property name="env.JAVA_STARTED_ON_FIRST_THREAD_14432" value="1" />
    <property name="java.vm.specification.vendor" value="Oracle Corporation" />
    <property name="ant.home" value="/Users/heychris/.p2/pool/plugins/org.apache.ant_1.10.3.v20180417-1627" />
    <property name="java.runtime.version" value="1.8.0_141-b15" />
    <property name="env.Apple_PubSub_Socket_Render" value="/private/tmp/com.apple.launchd.RDFdJupnqv/Render" />
    <property name="user.name" value="heychris" />
    <property name="env.USER" value="heychris" />
    <property name="env.SHELL" value="/bin/bash" />
    <property name="env.__CF_USER_TEXT_ENCODING" value="0x1F5:0x19:0x34" />
    <property name="env.PATH" value="/usr/bin:/bin:/usr/sbin:/sbin" />
    <property name="user.language" value="zh" />
    <property name="sun.boot.library.path" value="/Library/Java/JavaVirtualMachines/jdk1.8.0_141.jdk/Contents/Home/jre/lib" />
    <property name="ant.project.default-target" value="build" />
    <property name="env.XPC_FLAGS" value="0x0" />
    <property name="ant.project.name" value="Java_Selenium" />
    <property name="java.version" value="1.8.0_141" />
    <property name="user.timezone" value="" />
    <property name="sun.arch.data.model" value="64" />
    <property name="java.endorsed.dirs" value="/Library/Java/JavaVirtualMachines/jdk1.8.0_141.jdk/Contents/Home/jre/lib/endorsed" />
    <property name="sun.cpu.isalist" value="" />
    <property name="sun.jnu.encoding" value="UTF-8" />
    <property name="file.encoding.pkg" value="sun.io" />
    <property name="file.separator" value="/" />
    <property name="java.specification.name" value="Java Platform API Specification" />
    <property name="java.class.version" value="52.0" />
    <property name="user.country" value="CN" />
    <property name="java.home" value="/Library/Java/JavaVirtualMachines/jdk1.8.0_141.jdk/Contents/Home/jre" />
    <property name="java.vm.info" value="mixed mode" />
    <property name="env.LOGNAME" value="heychris" />
    <property name="ant.file" value="/Users/heychris/Documents/csye6530/Java_Selenium/build.xml" />
    <property name="os.version" value="10.14.2" />
    <property name="path.separator" value=":" />
    <property name="java.vm.version" value="25.141-b15" />
    <property name="ant.library.dir" value="/Users/heychris/.p2/pool/plugins/org.apache.ant_1.10.3.v20180417-1627/lib" />
    <property name="junit.output.dir" value="junit" />
    <property name="java.awt.printerjob" value="sun.lwawt.macosx.CPrinterJob" />
    <property name="sun.io.unicode.encoding" value="UnicodeBig" />
    <property name="awt.toolkit" value="sun.lwawt.macosx.LWCToolkit" />
    <property name="user.home" value="/Users/heychris" />
    <property name="target" value="1.5" />
    <property name="java.specification.vendor" value="Oracle Corporation" />
    <property name="java.library.path" value="/Users/heychris/Library/Java/Extensions:/Library/Java/Extensions:/Network/Library/Java/Extensions:/System/Library/Java/Extensions:/usr/lib/java:." />
    <property name="java.vendor.url" value="http://java.oracle.com/" />
    <property name="env.JAVA_STARTED_ON_FIRST_THREAD_19277" value="1" />
    <property name="java.vm.vendor" value="Oracle Corporation" />
    <property name="gopherProxySet" value="false" />
    <property name="java.runtime.name" value="Java(TM) SE Runtime Environment" />
    <property name="sun.java.command" value="org.apache.tools.ant.taskdefs.optional.junit.JUnitTestRunner com.mycompany.Java_Selenium.Sample skipNonTests=false filtertrace=true haltOnError=false haltOnFailure=false formatter=org.apache.tools.ant.taskdefs.optional.junit.OutErrSummaryJUnitResultFormatter showoutput=false outputtoformatters=true logfailedtests=true threadid=0 logtestlistenerevents=false formatter=org.apache.tools.ant.taskdefs.optional.junit.XMLJUnitResultFormatter,/Users/heychris/Documents/csye6530/Java_Selenium/junit/TEST-com.mycompany.Java_Selenium.Sample.xml crashfile=/Users/heychris/Documents/csye6530/Java_Selenium/junitvmwatcher4389458518544662466.properties propsfile=/Users/heychris/Documents/csye6530/Java_Selenium/junit571284823249537204.properties" />
    <property name="java.class.path" value="/Users/heychris/Documents/csye6530/Java_Selenium/target/classes:/Users/heychris/Documents/csye6530/Java_Selenium/target/test-classes:/Users/heychris/.m2/repository/org/seleniumhq/selenium/selenium-java/2.45.0/selenium-java-2.45.0.jar:/Users/heychris/.m2/repository/org/seleniumhq/selenium/selenium-chrome-driver/2.45.0/selenium-chrome-driver-2.45.0.jar:/Users/heychris/.m2/repository/org/seleniumhq/selenium/selenium-remote-driver/2.45.0/selenium-remote-driver-2.45.0.jar:/Users/heychris/.m2/repository/cglib/cglib-nodep/2.1_3/cglib-nodep-2.1_3.jar:/Users/heychris/.m2/repository/com/google/code/gson/gson/2.3.1/gson-2.3.1.jar:/Users/heychris/.m2/repository/org/seleniumhq/selenium/selenium-api/2.45.0/selenium-api-2.45.0.jar:/Users/heychris/.m2/repository/com/google/guava/guava/18.0/guava-18.0.jar:/Users/heychris/.m2/repository/org/seleniumhq/selenium/selenium-htmlunit-driver/2.45.0/selenium-htmlunit-driver-2.45.0.jar:/Users/heychris/.m2/repository/net/sourceforge/htmlunit/htmlunit/2.15/htmlunit-2.15.jar:/Users/heychris/.m2/repository/xalan/xalan/2.7.1/xalan-2.7.1.jar:/Users/heychris/.m2/repository/xalan/serializer/2.7.1/serializer-2.7.1.jar:/Users/heychris/.m2/repository/commons-collections/commons-collections/3.2.1/commons-collections-3.2.1.jar:/Users/heychris/.m2/repository/org/apache/commons/commons-lang3/3.3.2/commons-lang3-3.3.2.jar:/Users/heychris/.m2/repository/org/apache/httpcomponents/httpmime/4.3.3/httpmime-4.3.3.jar:/Users/heychris/.m2/repository/commons-codec/commons-codec/1.9/commons-codec-1.9.jar:/Users/heychris/.m2/repository/net/sourceforge/htmlunit/htmlunit-core-js/2.15/htmlunit-core-js-2.15.jar:/Users/heychris/.m2/repository/xerces/xercesImpl/2.11.0/xercesImpl-2.11.0.jar:/Users/heychris/.m2/repository/xml-apis/xml-apis/1.4.01/xml-apis-1.4.01.jar:/Users/heychris/.m2/repository/net/sourceforge/nekohtml/nekohtml/1.9.21/nekohtml-1.9.21.jar:/Users/heychris/.m2/repository/net/sourceforge/cssparser/cssparser/0.9.14/cssparser-0.9.14.jar:/Users/heychris/.m2/repository/org/w3c/css/sac/1.3/sac-1.3.jar:/Users/heychris/.m2/repository/commons-logging/commons-logging/1.1.3/commons-logging-1.1.3.jar:/Users/heychris/.m2/repository/org/eclipse/jetty/jetty-websocket/8.1.15.v20140411/jetty-websocket-8.1.15.v20140411.jar:/Users/heychris/.m2/repository/org/eclipse/jetty/jetty-util/8.1.15.v20140411/jetty-util-8.1.15.v20140411.jar:/Users/heychris/.m2/repository/org/eclipse/jetty/jetty-io/8.1.15.v20140411/jetty-io-8.1.15.v20140411.jar:/Users/heychris/.m2/repository/org/eclipse/jetty/jetty-http/8.1.15.v20140411/jetty-http-8.1.15.v20140411.jar:/Users/heychris/.m2/repository/org/apache/httpcomponents/httpclient/4.3.6/httpclient-4.3.6.jar:/Users/heychris/.m2/repository/org/apache/httpcomponents/httpcore/4.3.3/httpcore-4.3.3.jar:/Users/heychris/.m2/repository/org/seleniumhq/selenium/selenium-firefox-driver/2.45.0/selenium-firefox-driver-2.45.0.jar:/Users/heychris/.m2/repository/commons-io/commons-io/2.4/commons-io-2.4.jar:/Users/heychris/.m2/repository/org/apache/commons/commons-exec/1.1/commons-exec-1.1.jar:/Users/heychris/.m2/repository/org/seleniumhq/selenium/selenium-ie-driver/2.45.0/selenium-ie-driver-2.45.0.jar:/Users/heychris/.m2/repository/net/java/dev/jna/jna/3.4.0/jna-3.4.0.jar:/Users/heychris/.m2/repository/net/java/dev/jna/platform/3.4.0/platform-3.4.0.jar:/Users/heychris/.m2/repository/org/seleniumhq/selenium/selenium-safari-driver/2.45.0/selenium-safari-driver-2.45.0.jar:/Users/heychris/.m2/repository/org/seleniumhq/selenium/selenium-support/2.45.0/selenium-support-2.45.0.jar:/Users/heychris/.m2/repository/org/webbitserver/webbit/0.4.14/webbit-0.4.14.jar:/Users/heychris/.m2/repository/io/netty/netty/3.5.2.Final/netty-3.5.2.Final.jar:/Users/heychris/.m2/repository/org/seleniumhq/selenium/selenium-leg-rc/2.45.0/selenium-leg-rc-2.45.0.jar:/Users/heychris/.m2/repository/junit/junit/3.8.1/junit-3.8.1.jar:/Users/heychris/.p2/pool/plugins/org.junit_4.12.0.v201504281640/junit.jar:/Users/heychris/.p2/pool/plugins/org.hamcrest.core_1.3.0.v20180420-1519.jar:/Users/heychris/.p2/pool/plugins/org.apache.ant_1.10.3.v20180417-1627/lib/ant-launcher.jar:/Users/heychris/.p2/pool/plugins/org.apache.ant_1.10.3.v20180417-1627/lib/ant.jar:/Users/heychris/.p2/pool/plugins/org.apache.ant_1.10.3.v20180417-1627/lib/ant-junit.jar:/Users/heychris/.p2/pool/plugins/org.apache.ant_1.10.3.v20180417-1627/lib/ant-junit4.jar" />
    <property name="ant.version" value="Apache Ant(TM) version 1.10.3 compiled on March 24 2018" />
    <property name="java.vm.specification.name" value="Java Virtual Machine Specification" />
    <property name="java.vm.specification.version" value="1.8" />
    <property name="sun.cpu.endian" value="little" />
    <property name="sun.os.patch.level" value="unknown" />
    <property name="debuglevel" value="source,lines,vars" />
    <property name="env.HOME" value="/Users/heychris" />
    <property name="env.ANT_HOME" value="/Users/heychris/.p2/pool/plugins/org.apache.ant_1.10.3.v20180417-1627" />
    <property name="java.io.tmpdir" value="/var/folders/xf/s029rrqd38x6j1n48skk75_c0000gn/T/" />
    <property name="java.vendor.url.bug" value="http://bugreport.sun.com/bugreport/" />
    <property name="env.SSH_AUTH_SOCK" value="/private/tmp/com.apple.launchd.BoQTgu2n5V/Listeners" />
    <property name="java.awt.graphicsenv" value="sun.awt.CGraphicsEnvironment" />
    <property name="env.JAVA_MAIN_CLASS_19277" value="org.eclipse.ant.internal.launching.remote.InternalAntRunner" />
    <property name="os.arch" value="x86_64" />
    <property name="java.ext.dirs" value="/Users/heychris/Library/Java/Extensions:/Library/Java/JavaVirtualMachines/jdk1.8.0_141.jdk/Contents/Home/jre/lib/ext:/Library/Java/Extensions:/Network/Library/Java/Extensions:/System/Library/Java/Extensions:/usr/lib/java" />
    <property name="user.dir" value="/Users/heychris/Documents/csye6530/Java_Selenium" />
    <property name="env.SQLITE_EXEMPT_PATH_FROM_VNODE_GUARDS" value="/Users/heychris/Library/WebKit/Databases" />
    <property name="line.separator" value="&#xa;" />
    <property name="java.vm.name" value="Java HotSpot(TM) 64-Bit Server VM" />
    <property name="ant.file.Java_Selenium" value="/Users/heychris/Documents/csye6530/Java_Selenium/build.xml" />
    <property name="basedir" value="/Users/heychris/Documents/csye6530/Java_Selenium" />
    <property name="ant.java.version" value="1.8" />
    <property name="ant.core.lib" value="/Users/heychris/.p2/pool/plugins/org.apache.ant_1.10.3.v20180417-1627/lib/ant.jar" />
    <property name="source" value="1.5" />
    <property name="file.encoding" value="UTF-8" />
    <property name="java.specification.version" value="1.8" />
    <property name="ant.project.invoked-targets" value="build,Sample,junitreport" />
  </properties>
  <testcase classname="com.mycompany.Java_Selenium.Sample" name="testa1" time="13.59" />
  <testcase classname="com.mycompany.Java_Selenium.Sample" name="testb2" time="7.555" />
  <testcase classname="com.mycompany.Java_Selenium.Sample" name="testc3" time="31.14" />
  <system-out><![CDATA[]]></system-out>
  <system-err><![CDATA[Starting ChromeDriver 2.46.628411 (3324f4c8be9ff2f70a05a30ebc72ffb013e1a71e) on port 21902
Only local connections are allowed.
Please protect ports used by ChromeDriver and related test frameworks to prevent access by malicious code.
Starting ChromeDriver 2.46.628411 (3324f4c8be9ff2f70a05a30ebc72ffb013e1a71e) on port 21379
Only local connections are allowed.
Please protect ports used by ChromeDriver and related test frameworks to prevent access by malicious code.
Starting ChromeDriver 2.46.628411 (3324f4c8be9ff2f70a05a30ebc72ffb013e1a71e) on port 25857
Only local connections are allowed.
Please protect ports used by ChromeDriver and related test frameworks to prevent access by malicious code.
]]></system-err>
</testsuite>
